<?xml version="1.0" encoding="UTF-8"?>
<!-- Generated by org.testng.reporters.JUnitReportReporter -->
<testsuite hostname="vivobook-asuslaptop-x512flc-x512fl" failures="0" tests="1" name="List.Pending_Batches.Batches_Test" time="0.860" errors="0" timestamp="2024-01-09T10:22:47 IST" skipped="0">
  <testcase classname="List.Pending_Batches.Batches_Test" name="testDB" time="0.860"/>
  <system-out/>
</testsuite> <!-- List.Pending_Batches.Batches_Test -->
