<?xml version="1.0" encoding="UTF-8"?>
<!-- Generated by org.testng.reporters.JUnitReportReporter -->
<testsuite hostname="vivobook-asuslaptop-x512flc-x512fl" failures="0" tests="1" name="List.Pending_Batches.Batches_Test" time="1.301" errors="0" timestamp="2023-10-27T17:47:42 IST" skipped="0">
  <testcase classname="List.Pending_Batches.Batches_Test" name="testDB" time="1.301"/>
  <system-out/>
</testsuite> <!-- List.Pending_Batches.Batches_Test -->
