<?xml version="1.0" encoding="UTF-8"?>
<!-- Generated by org.testng.reporters.JUnitReportReporter -->
<testsuite hostname="vivobook-asuslaptop-x512flc-x512fl" failures="0" tests="1" name="List.Pending_Batches.Batches_Test" time="0.547" errors="0" timestamp="2023-10-26T15:44:12 IST" skipped="0">
  <testcase classname="List.Pending_Batches.Batches_Test" name="testDB" time="0.547"/>
  <system-out/>
</testsuite> <!-- List.Pending_Batches.Batches_Test -->
