<?xml version="1.0" encoding="UTF-8"?>
<!-- Generated by org.testng.reporters.JUnitReportReporter -->
<testsuite hostname="vivobook-asuslaptop-x512flc-x512fl" failures="0" tests="1" name="List.Pending_Batches.Test_Batches" time="24.216" errors="0" timestamp="2023-10-26T14:16:22 IST" skipped="0">
  <testcase classname="List.Pending_Batches.Test_Batches" name="login" time="24.216"/>
  <system-out/>
</testsuite> <!-- List.Pending_Batches.Test_Batches -->
